Start testing: Mar 29 19:26 CEST
----------------------------------------------------------
1/1 Testing: shibui-unit-tests
1/1 Test: shibui-unit-tests
Command: "/Users/matthiasblum/projects/shibui-code/build-coverage/shibui-unit-tests"
Directory: /Users/matthiasblum/projects/shibui-code/build-coverage
"shibui-unit-tests" start time: Mar 29 19:26 CEST
Output:
----------------------------------------------------------
<end of output>
Test time =   0.19 sec
----------------------------------------------------------
Test Passed.
"shibui-unit-tests" end time: Mar 29 19:26 CEST
"shibui-unit-tests" time elapsed: 00:00:00
----------------------------------------------------------

End testing: Mar 29 19:26 CEST
